Next mod: cyclopscore
depends obligatory on forge
depends obligatory on minecraft
Next mod: steampowered
depends obligatory on forge
depends obligatory on minecraft
depends obligatory on create
depends obligatory on flywheel
depends optionally on alloyed
Next mod: betterdungeons
depends obligatory on forge
depends obligatory on yungsapi
Next mod: astralsorcery
depends obligatory on forge
depends obligatory on minecraft
depends obligatory on observerlib
depends obligatory on curios
Next mod: supermartijn642configlib
depends obligatory on forge
depends obligatory on minecraft
Next mod: alexsmobs
depends obligatory on citadel
depends obligatory on forge
Next mod: createdeco
depends obligatory on forge
depends obligatory on minecraft
depends obligatory on create
Next mod: uppers
depends obligatory on forge
depends obligatory on minecraft
Next mod: satako
depends obligatory on forge
depends obligatory on minecraft
Next mod: nyfsquiver
depends obligatory on curios
depends optionally on epicfight
Next mod: bettercaves
depends obligatory on forge
depends obligatory on minecraft
depends obligatory on yungsapi
Next mod: terraforged
depends obligatory on forge
Next mod: controlling
depends obligatory on forge
depends obligatory on minecraft
Next mod: xaeroworldmap
depends obligatory on forge
depends obligatory on minecraft
Next mod: citadel
Next mod: placebo
depends obligatory on forge
depends obligatory on minecraft
Next mod: yungsapi
Next mod: bookshelf
depends obligatory on forge
depends obligatory on minecraft
Next mod: upgradednetherite_items
depends obligatory on forge
depends obligatory on minecraft
depends obligatory on upgradedcore
depends obligatory on upgradednetherite
Next mod: sophisticatedbackpacks
Next mod: apotheosis
depends obligatory on forge
depends obligatory on minecraft
depends obligatory on placebo
depends optionally on jei
Next mod: darkutils
depends obligatory on forge
depends obligatory on minecraft
depends obligatory on bookshelf
Next mod: snowrealmagic
depends obligatory on kiwi
Next mod: jeresources
depends obligatory on jei
Next mod: ftbteams
depends obligatory on forge
depends obligatory on minecraft
depends obligatory on architectury
depends obligatory on ftblibrary
Next mod: dragonfight
depends obligatory on forge
depends obligatory on minecraft
Next mod: upgradednetherite
depends obligatory on forge
depends obligatory on minecraft
depends obligatory on upgradedcore
Next mod: advancementplaques
depends obligatory on forge
depends obligatory on minecraft
depends obligatory on iceberg
depends optionally on toastcontrol
Next mod: corpse
depends obligatory on forge
depends obligatory on minecraft
Next mod: packmenu
depends obligatory on forge
depends obligatory on minecraft
depends obligatory on placebo
Next mod: farmersdelight
depends obligatory on forge
depends obligatory on minecraft
Next mod: industrialforegoing
depends obligatory on titanium
depends obligatory on forge
Next mod: vault_research
depends obligatory on forge
depends obligatory on minecraft
Next mod: biomesoplenty
depends obligatory on forge
Next mod: botania
depends obligatory on forge
depends obligatory on patchouli
depends obligatory on curios
depends optionally on gardenofglass
depends optionally on crafttweaker
Next mod: simplylight
Next mod: eyesinthedarkness
depends obligatory on forge
depends obligatory on minecraft
Next mod: curios
depends obligatory on forge
depends obligatory on minecraft
Next mod: patchouli
depends obligatory on forge
Next mod: shulkerdropstwo
depends obligatory on collective
Next mod: collective
depends obligatory on forge
depends obligatory on minecraft
Next mod: betterbiomeblend
depends obligatory on forge
Next mod: xaerominimapfair
depends obligatory on forge
depends obligatory on minecraft
Next mod: yungsextras
depends obligatory on forge
depends obligatory on yungsapi
Next mod: betterstrongholds
depends obligatory on forge
depends obligatory on yungsapi
Next mod: enigmaticlegacy
depends obligatory on forge
depends obligatory on minecraft
depends obligatory on curios
depends obligatory on patchouli
Next mod: runelic
Next mod: naturesaura
depends obligatory on patchouli
Next mod: architectury
depends obligatory on minecraft
Next mod: aiimprovements
depends obligatory on forge
depends obligatory on minecraft
Next mod: observerlib
depends obligatory on forge
depends obligatory on minecraft
Next mod: bigreactors
depends obligatory on minecraft
depends obligatory on forge
depends obligatory on zerocore
Next mod: enchanted
depends obligatory on observerlib
depends obligatory on patchouli
Next mod: portablecraftingtable
depends obligatory on forge
depends obligatory on minecraft
Next mod: codechickenlib
depends obligatory on forge
depends obligatory on minecraft
Next mod: fastleafdecay
Next mod: bettermineshafts
depends obligatory on forge
depends obligatory on minecraft
depends obligatory on yungsapi
Next mod: geckolib3
depends obligatory on forge
depends obligatory on minecraft
Next mod: nebs
depends obligatory on forge
depends obligatory on minecraft
depends optionally on wonderful_enchantments
depends optionally on inspirations
depends optionally on maenchants
Next mod: kiwi
depends obligatory on forge
Next mod: cucumber
depends obligatory on forge
depends obligatory on minecraft
Next mod: ftblibrary
depends obligatory on forge
depends obligatory on minecraft
depends obligatory on architectury
Next mod: snad
depends obligatory on forge
depends obligatory on minecraft
depends obligatory on architectury
Next mod: itemfilters
depends obligatory on forge
depends obligatory on minecraft
depends obligatory on architectury
depends optionally on jei
Next mod: jei
depends obligatory on forge
depends obligatory on minecraft
Next mod: attributefix
depends obligatory on forge
depends obligatory on minecraft
Next mod: abnormals_core
depends obligatory on minecraft
depends obligatory on forge
Next mod: simplerpc
depends obligatory on forge
depends obligatory on minecraft
Next mod: paxi
depends obligatory on forge
depends obligatory on yungsapi
Next mod: create
depends obligatory on forge
depends obligatory on minecraft
depends obligatory on flywheel
Next mod: ensorcellation
depends obligatory on minecraft
depends obligatory on forge
depends obligatory on cofh_core
Next mod: waystones
Next mod: fallingleaves
depends obligatory on forge
depends obligatory on minecraft
Next mod: clumps
depends obligatory on forge
depends obligatory on minecraft
Next mod: appliedenergistics2
depends obligatory on forge
depends obligatory on minecraft
depends optionally on jei
depends optionally on theoneprobe
Next mod: comforts
depends obligatory on forge
depends obligatory on minecraft
Next mod: naturescompass
depends obligatory on forge
Next mod: storagenetwork
depends obligatory on forge
depends obligatory on minecraft
Next mod: dungeoncrawl
depends obligatory on forge
depends obligatory on minecraft
Next mod: cofh_core
depends obligatory on minecraft
depends obligatory on forge
Next mod: snowundertrees
depends obligatory on forge
depends obligatory on minecraft
Next mod: questsadditions
depends obligatory on forge
depends obligatory on minecraft
depends obligatory on ftbquests
depends obligatory on architectury
Next mod: jeitweaker
depends obligatory on forge
depends obligatory on minecraft
depends obligatory on crafttweaker
depends optionally on jei
Next mod: ars_nouveau
depends obligatory on forge
depends obligatory on patchouli
depends obligatory on curios
depends obligatory on geckolib3
Next mod: crafttweaker
depends obligatory on forge
depends optionally on contenttweaker
Next mod: enderstorage
depends obligatory on forge
depends obligatory on minecraft
depends obligatory on codechickenlib
Next mod: bloodmagic
depends obligatory on forge
depends obligatory on patchouli
depends obligatory on minecraft
Next mod: mctb
depends obligatory on forge
depends obligatory on minecraft
Next mod: ironchest
depends obligatory on forge
depends obligatory on minecraft
Next mod: zerocore
depends obligatory on minecraft
depends obligatory on forge
Next mod: tconstruct
depends obligatory on forge
depends obligatory on minecraft
depends obligatory on mantle
depends optionally on crafttweaker
Next mod: horsecombatcontrols
depends obligatory on forge
depends obligatory on minecraft
Next mod: enchdesc
depends obligatory on forge
depends obligatory on minecraft
depends obligatory on bookshelf
Next mod: voicechat
depends obligatory on forge
depends obligatory on minecraft
Next mod: theoneprobe
depends obligatory on forge
Next mod: mousetweaks
Next mod: ftbquests
depends obligatory on forge
depends obligatory on minecraft
depends obligatory on architectury
depends obligatory on ftblibrary
depends obligatory on ftbteams
depends obligatory on itemfilters
depends optionally on kubejs
Next mod: titanium
depends obligatory on forge
Next mod: amfd
depends obligatory on minecraft
Next mod: immersiveengineering
depends obligatory on forge
depends obligatory on minecraft
Next mod: flywheel
depends obligatory on forge
depends obligatory on minecraft
Next mod: iceberg
depends obligatory on forge
depends obligatory on minecraft
Next mod: quark
depends obligatory on autoreglib
depends obligatory on forge
Next mod: mantle
depends obligatory on forge
depends obligatory on minecraft
Next mod: rats
depends obligatory on citadel
depends optionally on ratlantis
Next mod: securitycraft
depends obligatory on forge
depends obligatory on minecraft
Next mod: autoreglib
Next mod: justenoughprofessions
depends obligatory on jei
Next mod: ars_elemental
depends obligatory on forge
depends obligatory on minecraft
depends obligatory on ars_nouveau
Next mod: storagedrawers
depends obligatory on minecraft
depends obligatory on forge
Next mod: upgradedcore
Next mod: arsarsenal
depends obligatory on forge
depends obligatory on minecraft
Next mod: appleskin
depends obligatory on forge
Next mod: nethers_delight
depends obligatory on minecraft
depends obligatory on forge
depends obligatory on abnormals_core
depends obligatory on farmersdelight
Next mod: ferritecore
depends obligatory on forge
depends obligatory on minecraft
Next mod: aquaculture
depends obligatory on forge
depends optionally on biomesoplenty
Next mod: createaddition
depends obligatory on forge
depends obligatory on create
depends obligatory on flywheel
depends optionally on immersiveengineering
depends optionally on computercraft
depends optionally on appliedenergistics2
depends obligatory on minecraft
